d:\downloads\githubmalware\indirectchristmas\christmas\christmas\x64\debug\vc142.pdb
d:\downloads\githubmalware\indirectchristmas\christmas\christmas\x64\debug\vc142.idb
d:\downloads\githubmalware\indirectchristmas\christmas\christmas\x64\debug\main.obj
d:\downloads\githubmalware\indirectchristmas\christmas\christmas\x64\debug\hellshall.obj
d:\downloads\githubmalware\indirectchristmas\christmas\christmas\x64\debug\common.obj
d:\downloads\github\indirectchristmas\christmas\christmas\x64\debug\vc142.pdb
d:\downloads\github\indirectchristmas\christmas\christmas\x64\debug\vc142.idb
d:\downloads\github\indirectchristmas\christmas\christmas\x64\debug\main.obj
d:\downloads\github\indirectchristmas\christmas\christmas\x64\debug\hellshall.obj
d:\downloads\github\indirectchristmas\christmas\christmas\x64\debug\common.obj
d:\downloads\githubmalware\indirectchristmas\christmas\christmas\x64\debug\christmas.ilk
d:\downloads\githubmalware\indirectchristmas\christmas\x64\debug\christmas.exe
d:\downloads\githubmalware\indirectchristmas\christmas\x64\debug\christmas.pdb
d:\downloads\github\indirectchristmas\christmas\christmas\x64\debug\christmas.ilk
d:\downloads\github\indirectchristmas\christmas\x64\debug\christmas.exe
d:\downloads\github\indirectchristmas\christmas\x64\debug\christmas.pdb
d:\downloads\github\indirectchristmas\christmas\christmas\x64\debug\hellsasm.obj
c:\github\indirectchristmas\christmas\christmas\x64\debug\common.obj
c:\github\indirectchristmas\christmas\christmas\x64\debug\hellsasm.obj
c:\github\indirectchristmas\christmas\christmas\x64\debug\hellshall.obj
c:\github\indirectchristmas\christmas\christmas\x64\debug\main.obj
c:\github\indirectchristmas\christmas\christmas\x64\debug\christmas.ilk
c:\github\indirectchristmas\christmas\christmas\x64\debug\vc142.idb
c:\github\indirectchristmas\christmas\christmas\x64\debug\vc142.pdb
c:\github\indirectchristmas\christmas\christmas\x64\debug\christmas.tlog\cl.command.1.tlog
c:\github\indirectchristmas\christmas\christmas\x64\debug\christmas.tlog\cl.read.1.tlog
c:\github\indirectchristmas\christmas\christmas\x64\debug\christmas.tlog\cl.write.1.tlog
c:\github\indirectchristmas\christmas\christmas\x64\debug\christmas.tlog\link.command.1.tlog
c:\github\indirectchristmas\christmas\christmas\x64\debug\christmas.tlog\link.read.1.tlog
c:\github\indirectchristmas\christmas\christmas\x64\debug\christmas.tlog\link.write.1.tlog
c:\github\indirectchristmas\christmas\christmas\x64\debug\christmas.tlog\masm.read.1u.tlog
c:\github\indirectchristmas\christmas\christmas\x64\debug\christmas.tlog\masm.write.1u.tlog
