  Assembling HellsAsm.asm...
  Common.c
C:\Github\IndirectChristmas\Christmas\Christmas\Common.c(151,47): warning C4142: 'strrchr': benign redefinition of type
C:\Program Files (x86)\Microsoft Visual Studio\2019\Community\VC\Tools\MSVC\14.29.30133\include\vcruntime_string.h(76): message : see declaration of 'strrchr'
C:\Github\IndirectChristmas\Christmas\Christmas\Common.c(153,9): warning C4163: 'strrchr': not available as an intrinsic function
C:\Github\IndirectChristmas\Christmas\Christmas\Common.c(154,9): warning C4163: 'strrchr': not available as an intrinsic function
  HellsHall.c
C:\Github\IndirectChristmas\Christmas\Christmas\HellsHall.c(50,54): warning C4047: '==': 'ULONG_PTR' differs in levels of indirection from 'void *'
C:\Github\IndirectChristmas\Christmas\Christmas\HellsHall.c(87,84): warning C4047: 'function': 'ULONG_PTR' differs in levels of indirection from 'HMODULE'
C:\Github\IndirectChristmas\Christmas\Christmas\HellsHall.c(87,67): warning C4024: 'InitDllsConfigStructs': different types for formal and actual parameter 2
C:\Github\IndirectChristmas\Christmas\Christmas\HellsHall.c(147,1): warning C4244: 'initializing': conversion from 'WCHAR' to 'CHAR', possible loss of data
C:\Github\IndirectChristmas\Christmas\Christmas\HellsHall.c(181,82): warning C4047: 'function': 'ULONG_PTR' differs in levels of indirection from 'HMODULE'
C:\Github\IndirectChristmas\Christmas\Christmas\HellsHall.c(181,66): warning C4024: 'InitDllsConfigStructs': different types for formal and actual parameter 2
C:\Github\IndirectChristmas\Christmas\Christmas\HellsHall.c(185,52): warning C4047: '==': 'DWORD' differs in levels of indirection from 'void *'
C:\Github\IndirectChristmas\Christmas\Christmas\HellsHall.c(282,30): warning C4047: '==': 'DWORD' differs in levels of indirection from 'void *'
  main.c
C:\Github\IndirectChristmas\Christmas\Christmas\main.c(21,50): warning C4047: 'function': 'DWORD' differs in levels of indirection from 'void *'
C:\Github\IndirectChristmas\Christmas\Christmas\main.c(21,46): warning C4024: 'SHGetFolderPathW': different types for formal and actual parameter 4
C:\Github\IndirectChristmas\Christmas\Christmas\main.c(49,51): warning C4090: 'function': different 'const' qualifiers
C:\Github\IndirectChristmas\Christmas\Christmas\main.c(49,123): warning C4133: 'function': incompatible types - from 'STARTUPINFO *' to 'LPSTARTUPINFOA'
C:\Github\IndirectChristmas\Christmas\Christmas\main.c(97,125): warning C4133: 'function': incompatible types - from 'STARTUPINFO *' to 'LPSTARTUPINFOA'
C:\Github\IndirectChristmas\Christmas\Christmas\main.c(127,14): warning C4047: 'return': 'ULONG_PTR' differs in levels of indirection from 'void *'
C:\Github\IndirectChristmas\Christmas\Christmas\main.c(157,41): warning C4133: 'function': incompatible types - from 'USTRING *' to 'USTRING *'
C:\Github\IndirectChristmas\Christmas\Christmas\main.c(157,47): warning C4133: 'function': incompatible types - from 'USTRING *' to 'USTRING *'
C:\Github\IndirectChristmas\Christmas\Christmas\main.c(147,1): warning C4047: 'initializing': 'NTSTATUS' differs in levels of indirection from 'void *'
C:\Github\IndirectChristmas\Christmas\Christmas\main.c(381,158): warning C4047: '==': 'ULONG_PTR' differs in levels of indirection from 'void *'
C:\Github\IndirectChristmas\Christmas\Christmas\main.c(464,43): warning C4022: 'WriteProcessMemory': pointer mismatch for actual parameter 2
C:\Github\IndirectChristmas\Christmas\Christmas\main.c(506,57): warning C4022: 'WriteProcessMemory': pointer mismatch for actual parameter 2
C:\Github\IndirectChristmas\Christmas\Christmas\main.c(322,1): warning C4047: 'initializing': 'ULONG_PTR' differs in levels of indirection from 'void *'
C:\Github\IndirectChristmas\Christmas\Christmas\main.c(325,1): warning C4047: 'initializing': 'SIZE_T' differs in levels of indirection from 'void *'
  Generating Code...
  Christmas.vcxproj -> C:\Github\IndirectChristmas\Christmas\x64\Debug\Christmas.exe
